<?xml version="1.0" encoding="UTF-8"?>
<robot generator="Robot 5.0 (Python 3.10.2 on win32)" generated="20220407 10:44:31.979" rpa="false" schemaversion="3">
<suite id="s1" name="Login" source="C:\Users\ELCOT\PycharmProjects\Robot Framework\Tests\Facebook\FunctionalTestSuite\Login.robot">
<test id="s1-t1" name="Log Screen Test" line="9">
<kw name="Log" library="BuiltIn">
<arg>hello</arg>
<doc>Logs the given message with the given level.</doc>
<msg timestamp="20220407 10:44:33.274" level="INFO">hello</msg>
<status status="PASS" starttime="20220407 10:44:33.271" endtime="20220407 10:44:33.274"/>
</kw>
<doc>this is a log sceen for user</doc>
<tag>user</tag>
<status status="PASS" starttime="20220407 10:44:33.260" endtime="20220407 10:44:33.275"/>
</test>
<test id="s1-t2" name="Registration Screen Test" line="13">
<kw name="Log" library="BuiltIn">
<arg>success</arg>
<doc>Logs the given message with the given level.</doc>
<msg timestamp="20220407 10:44:33.282" level="INFO">success</msg>
<status status="PASS" starttime="20220407 10:44:33.281" endtime="20220407 10:44:33.282"/>
</kw>
<doc>this is a registration for user</doc>
<tag>user</tag>
<status status="PASS" starttime="20220407 10:44:33.280" endtime="20220407 10:44:33.283"/>
</test>
<test id="s1-t3" name="Admin Login Test" line="17">
<kw name="Log" library="BuiltIn">
<arg>admin</arg>
<doc>Logs the given message with the given level.</doc>
<msg timestamp="20220407 10:44:33.288" level="INFO">admin</msg>
<status status="PASS" starttime="20220407 10:44:33.288" endtime="20220407 10:44:33.289"/>
</kw>
<doc>this is for users</doc>
<tag>admin</tag>
<status status="PASS" starttime="20220407 10:44:33.286" endtime="20220407 10:44:33.290"/>
</test>
<test id="s1-t4" name="Goggle Test" line="21">
<kw name="Open Browser" library="SeleniumLibrary">
<arg>${web_url}</arg>
<arg>chrome</arg>
<doc>Opens a new browser instance to the optional ``url``.</doc>
<msg timestamp="20220407 10:44:33.357" level="INFO">Opening browser 'chrome' to base url 'https://www.google.co.in/'.</msg>
<status status="PASS" starttime="20220407 10:44:33.354" endtime="20220407 10:44:45.447"/>
</kw>
<kw name="Maximize Browser Window" library="SeleniumLibrary">
<doc>Maximizes current browser window.</doc>
<status status="PASS" starttime="20220407 10:44:45.449" endtime="20220407 10:44:45.649"/>
</kw>
<kw name="Input Text" library="SeleniumLibrary">
<arg>name:q</arg>
<arg>${search_p}</arg>
<doc>Types the given ``text`` into the text field identified by ``locator``.</doc>
<msg timestamp="20220407 10:44:45.652" level="INFO">Typing text 'Amazon.in' into text field 'name:q'.</msg>
<status status="PASS" starttime="20220407 10:44:45.650" endtime="20220407 10:44:46.036"/>
</kw>
<kw name="Enter Search Date">
<kw name="Input Text" library="SeleniumLibrary">
<arg>name:q</arg>
<arg>${search_p}</arg>
<doc>Types the given ``text`` into the text field identified by ``locator``.</doc>
<msg timestamp="20220407 10:44:46.044" level="INFO">Typing text 'Amazon.in' into text field 'name:q'.</msg>
<status status="PASS" starttime="20220407 10:44:46.043" endtime="20220407 10:44:46.959"/>
</kw>
<status status="PASS" starttime="20220407 10:44:46.042" endtime="20220407 10:44:46.960"/>
</kw>
<kw name="Submit Form" library="SeleniumLibrary">
<doc>Submits a form identified by ``locator``.</doc>
<msg timestamp="20220407 10:44:46.962" level="INFO">Submitting form 'None'.</msg>
<status status="PASS" starttime="20220407 10:44:46.961" endtime="20220407 10:44:54.127"/>
</kw>
<kw name="Sleep" library="BuiltIn">
<arg>5s</arg>
<doc>Pauses the test executed for the given time.</doc>
<msg timestamp="20220407 10:44:59.180" level="INFO">Slept 5 seconds</msg>
<status status="PASS" starttime="20220407 10:44:54.166" endtime="20220407 10:44:59.181"/>
</kw>
<kw name="Close Browser" library="SeleniumLibrary">
<doc>Closes the current browser.</doc>
<status status="PASS" starttime="20220407 10:44:59.183" endtime="20220407 10:45:03.712"/>
</kw>
<doc>this is for goggle test</doc>
<tag>internet</tag>
<status status="PASS" starttime="20220407 10:44:33.314" endtime="20220407 10:45:03.713"/>
</test>
<status status="PASS" starttime="20220407 10:44:31.986" endtime="20220407 10:45:03.718"/>
</suite>
<statistics>
<total>
<stat pass="4" fail="0" skip="0">All Tests</stat>
</total>
<tag>
<stat pass="1" fail="0" skip="0">admin</stat>
<stat pass="1" fail="0" skip="0">internet</stat>
<stat pass="2" fail="0" skip="0">user</stat>
</tag>
<suite>
<stat pass="4" fail="0" skip="0" id="s1" name="Login">Login</stat>
</suite>
</statistics>
<errors>
</errors>
</robot>
