<?xml version="1.0" encoding="UTF-8"?>
<robot generator="Robot 5.0 (Python 3.10.2 on win32)" generated="20220407 09:46:48.440" rpa="false" schemaversion="3">
<suite id="s1" name="Login" source="C:\Users\ELCOT\PycharmProjects\Robot Framework\Tests\Facebook\FunctionalTestSuite\Login.robot">
<test id="s1-t1" name="Log Screen Test" line="6">
<kw name="Log" library="BuiltIn">
<arg>hello</arg>
<doc>Logs the given message with the given level.</doc>
<msg timestamp="20220407 09:46:49.982" level="INFO">hello</msg>
<status status="PASS" starttime="20220407 09:46:49.979" endtime="20220407 09:46:49.983"/>
</kw>
<doc>this is a log sceen for user</doc>
<tag>user</tag>
<status status="PASS" starttime="20220407 09:46:49.905" endtime="20220407 09:46:50.034"/>
</test>
<test id="s1-t2" name="Registration Screen Test" line="10">
<kw name="Log" library="BuiltIn">
<arg>success</arg>
<doc>Logs the given message with the given level.</doc>
<msg timestamp="20220407 09:46:50.047" level="INFO">success</msg>
<status status="PASS" starttime="20220407 09:46:50.045" endtime="20220407 09:46:50.048"/>
</kw>
<doc>this is a registration for user</doc>
<tag>user</tag>
<status status="PASS" starttime="20220407 09:46:50.037" endtime="20220407 09:46:50.049"/>
</test>
<test id="s1-t3" name="Admin Login Test" line="14">
<kw name="Log" library="BuiltIn">
<arg>admin</arg>
<doc>Logs the given message with the given level.</doc>
<msg timestamp="20220407 09:46:50.062" level="INFO">admin</msg>
<status status="PASS" starttime="20220407 09:46:50.060" endtime="20220407 09:46:50.062"/>
</kw>
<doc>this is for users</doc>
<tag>admin</tag>
<status status="PASS" starttime="20220407 09:46:50.055" endtime="20220407 09:46:50.063"/>
</test>
<status status="PASS" starttime="20220407 09:46:48.499" endtime="20220407 09:46:50.067"/>
</suite>
<statistics>
<total>
<stat pass="3" fail="0" skip="0">All Tests</stat>
</total>
<tag>
<stat pass="1" fail="0" skip="0">admin</stat>
<stat pass="2" fail="0" skip="0">user</stat>
</tag>
<suite>
<stat pass="3" fail="0" skip="0" id="s1" name="Login">Login</stat>
</suite>
</statistics>
<errors>
</errors>
</robot>
